<?xml version="1.0" encoding="UTF-8" ?>
<testsuite tests="39" failures="0" name="br.com.contmatic.empresa.EnderecoTest" time="0.016" errors="0" skipped="1">
  <properties>
[...]
</properties>
  <testcase classname="br.com.contmatic.empresa.EnderecoTest" name="deve_aceitar_logradouro_valido" time="0"/>
  <testcase classname="br.com.contmatic.empresa.EnderecoTest" name="to_string_deve_conter_bairro" time="0"/>
  <testcase classname="br.com.contmatic.empresa.EnderecoTest" name="nao_deve_aceitar_cep_com_caracteres_especiais" time="0"/>
  <testcase classname="br.com.contmatic.empresa.EnderecoTest" name="deve_respeitar_o_get_set_numero" time="0"/>
  <testcase classname="br.com.contmatic.empresa.EnderecoTest" name="to_string_deve_conter_complemento" time="0"/>
  <testcase classname="br.com.contmatic.empresa.EnderecoTest" name="to_string_deve_conter_numero" time="0"/>
  <testcase classname="br.com.contmatic.empresa.EnderecoTest" name="nao_deve_aceitar_cep_nulo" time="0"/>
  <testcase classname="br.com.contmatic.empresa.EnderecoTest" name="deve_respeitar_o_get_set_cep" time="0"/>
  <testcase classname="br.com.contmatic.empresa.EnderecoTest" name="nao_deve_aceitar_complemento_nulo" time="0"/>
  <testcase classname="br.com.contmatic.empresa.EnderecoTest" name="testa_hashcode_igual" time="0"/>
  <testcase classname="br.com.contmatic.empresa.EnderecoTest" name="deve_aceitar_bairro_valido" time="0"/>
  <testcase classname="br.com.contmatic.empresa.EnderecoTest" name="not_equals_se_houver_cep_diferente" time="0"/>
  <testcase classname="br.com.contmatic.empresa.EnderecoTest" name="nao_deve_aceitar_numero_com_caracteres_especiais" time="0"/>
  <testcase classname="br.com.contmatic.empresa.EnderecoTest" name="not_equals_se_houver_complemento_diferente" time="0"/>
  <testcase classname="br.com.contmatic.empresa.EnderecoTest" name="nao_deve_aceitar_logradouro_nulo" time="0"/>
  <testcase classname="br.com.contmatic.empresa.EnderecoTest" name="nao_deve_aceitar_numero_com_espaco" time="0"/>
  <testcase classname="br.com.contmatic.empresa.EnderecoTest" name="not_equals_se_houver_numero_diferente" time="0"/>
  <testcase classname="br.com.contmatic.empresa.EnderecoTest" name="nao_deve_aceitar_numero_com_letras" time="0"/>
  <testcase classname="br.com.contmatic.empresa.EnderecoTest" name="nao_deve_aceitar_cep_com_espaco" time="0"/>
  <testcase classname="br.com.contmatic.empresa.EnderecoTest" name="nao_deve_aceitar_cep_com_letras" time="0"/>
  <testcase classname="br.com.contmatic.empresa.EnderecoTest" name="deve_aceitar_complemento_valido" time="0"/>
  <testcase classname="br.com.contmatic.empresa.EnderecoTest" name="deve_respeitar_o_get_set_complemento" time="0"/>
  <testcase classname="br.com.contmatic.empresa.EnderecoTest" name="nao_deve_aceitar_cep_maior_8_digitos" time="0"/>
  <testcase classname="br.com.contmatic.empresa.EnderecoTest" name="atesta_que_logradouro_contem_ce_cedilha" time="0"/>
  <testcase classname="br.com.contmatic.empresa.EnderecoTest" name="atesta_que_logradouro_nao_contem_ce_cedilha" time="0">
    <skipped/>
  </testcase>
  <testcase classname="br.com.contmatic.empresa.EnderecoTest" name="construtor_funciona_com_valores_validos" time="0"/>
  <testcase classname="br.com.contmatic.empresa.EnderecoTest" name="to_string_deve_conter_logradouro" time="0"/>
  <testcase classname="br.com.contmatic.empresa.EnderecoTest" name="nao_deve_aceitar_cep_menor_8_digitos" time="0.016"/>
  <testcase classname="br.com.contmatic.empresa.EnderecoTest" name="equals_deve_ser_true_logradouro_numero_complemento_cep_iguais" time="0"/>
  <testcase classname="br.com.contmatic.empresa.EnderecoTest" name="nao_deve_aceitar_bairro_nulo" time="0"/>
  <testcase classname="br.com.contmatic.empresa.EnderecoTest" name="equals_da_false_se_objetos_forem_de_classes_diferentes" time="0"/>
  <testcase classname="br.com.contmatic.empresa.EnderecoTest" name="deve_aceitar_cep_valido" time="0"/>
  <testcase classname="br.com.contmatic.empresa.EnderecoTest" name="deve_respeitar_o_get_set_logradouro" time="0"/>
  <testcase classname="br.com.contmatic.empresa.EnderecoTest" name="nao_deve_aceitar_numero_nulo" time="0"/>
  <testcase classname="br.com.contmatic.empresa.EnderecoTest" name="testa_hashcode_diferente" time="0"/>
  <testcase classname="br.com.contmatic.empresa.EnderecoTest" name="to_string_deve_conter_cep" time="0"/>
  <testcase classname="br.com.contmatic.empresa.EnderecoTest" name="deve_respeitar_o_get_set_bairro" time="0"/>
  <testcase classname="br.com.contmatic.empresa.EnderecoTest" name="deve_aceitar_numero_valido" time="0"/>
  <testcase classname="br.com.contmatic.empresa.EnderecoTest" name="not_equals_se_houver_logradouro_diferente" time="0"/>
</testsuite>