<?xml version="1.0" encoding="UTF-8" ?>
<testsuite tests="227" failures="0" name="br.com.contmatic.empresa.TestRunners" time="0.015" errors="0" skipped="1">
  <properties>
[...]
</properties>
  <testcase classname="br.com.contmatic.empresa.FuncionarioTest" name="digito_cinco_diferente_nao_anula_a_priori" time="0"/>
  <testcase classname="br.com.contmatic.empresa.FuncionarioTest" name="m_deve_aceitar_data_contratacao" time="0"/>
  <testcase classname="br.com.contmatic.empresa.FuncionarioTest" name="to_string_deve_conter_nome" time="0"/>
  <testcase classname="br.com.contmatic.empresa.FuncionarioTest" name="testar_hashcode_diferente" time="0"/>
  <testcase classname="br.com.contmatic.empresa.FuncionarioTest" name="digito_quatro_diferente_nao_anula_a_priori" time="0"/>
  <testcase classname="br.com.contmatic.empresa.FuncionarioTest" name="deve_aceitar_salario_valido" time="0"/>
  <testcase classname="br.com.contmatic.empresa.FuncionarioTest" name="deve_aceitar_cargo_valido" time="0"/>
  <testcase classname="br.com.contmatic.empresa.FuncionarioTest" name="nao_deve_aceitar_cargo_nulo" time="0"/>
  <testcase classname="br.com.contmatic.empresa.FuncionarioTest" name="deve_aceitar_cpf_valido" time="0"/>
  <testcase classname="br.com.contmatic.empresa.FuncionarioTest" name="nao_deve_aceitar_cpf_menor_11_digitos" time="0"/>
  <testcase classname="br.com.contmatic.empresa.FuncionarioTest" name="nao_deve_aceitar_salario_zero" time="0"/>
  <testcase classname="br.com.contmatic.empresa.FuncionarioTest" name="nao_deve_aceitar_setor_nulo" time="0"/>
  <testcase classname="br.com.contmatic.empresa.FuncionarioTest" name="deve_aceitar_nome_valido_fixture" time="0.015"/>
  <testcase classname="br.com.contmatic.empresa.FuncionarioTest" name="deve_aceitar_data_nascimento_valida" time="0"/>
  <testcase classname="br.com.contmatic.empresa.FuncionarioTest" name="nao_deve_aceitar_cpf_espaco" time="0"/>
  <testcase classname="br.com.contmatic.empresa.FuncionarioTest" name="deve_respeitar_o_get_set_cargo" time="0"/>
  <testcase classname="br.com.contmatic.empresa.FuncionarioTest" name="deve_respeitar_o_get_set_setor" time="0"/>
  <testcase classname="br.com.contmatic.empresa.FuncionarioTest" name="deve_aceitar_nome_valido" time="0"/>
  <testcase classname="br.com.contmatic.empresa.FuncionarioTest" name="nao_deve_aceitar_data_nascimento_posterior_data_atual" time="0"/>
  <testcase classname="br.com.contmatic.empresa.FuncionarioTest" name="nao_deve_aceitar_salario_negativo" time="0"/>
  <testcase classname="br.com.contmatic.empresa.FuncionarioTest" name="deve_aceitar_endereco_valido" time="0"/>
  <testcase classname="br.com.contmatic.empresa.FuncionarioTest" name="nao_deve_aceitar_cpf_maior_11_digitos" time="0"/>
  <testcase classname="br.com.contmatic.empresa.FuncionarioTest" name="testar_hashcode_igual" time="0"/>
  <testcase classname="br.com.contmatic.empresa.FuncionarioTest" name="nao_deve_aceitar_cpf_nulo" time="0"/>
  <testcase classname="br.com.contmatic.empresa.FuncionarioTest" name="nao_deve_aceitar_nome_nulo" time="0"/>
  <testcase classname="br.com.contmatic.empresa.FuncionarioTest" name="equals_deve_ser_false_cnpj_diferente" time="0"/>
  <testcase classname="br.com.contmatic.empresa.FuncionarioTest" name="nao_deve_aceitar_endereco_nulo" time="0"/>
  <testcase classname="br.com.contmatic.empresa.FuncionarioTest" name="digito_dez_diferente_nao_anula_a_priori" time="0"/>
  <testcase classname="br.com.contmatic.empresa.FuncionarioTest" name="deve_respeitar_o_get_set_salario" time="0"/>
  <testcase classname="br.com.contmatic.empresa.FuncionarioTest" name="digito_sete_diferente_nao_anula_a_priori" time="0"/>
  <testcase classname="br.com.contmatic.empresa.FuncionarioTest" name="digito_nove_diferente_nao_anula_a_priori" time="0"/>
  <testcase classname="br.com.contmatic.empresa.FuncionarioTest" name="nao_deve_aceitar_cpf_invalido_digito_j" time="0"/>
  <testcase classname="br.com.contmatic.empresa.FuncionarioTest" name="nao_deve_aceitar_cpf_invalido_digito_k" time="0"/>
  <testcase classname="br.com.contmatic.empresa.FuncionarioTest" name="nao_deve_aceitar_data_nascimento_nula" time="0"/>
  <testcase classname="br.com.contmatic.empresa.FuncionarioTest" name="digito_dois_diferente_nao_anula_a_priori" time="0"/>
  <testcase classname="br.com.contmatic.empresa.FuncionarioTest" name="deve_aceitar_setor_valido" time="0"/>
  <testcase classname="br.com.contmatic.empresa.FuncionarioTest" name="digito_seis_diferente_nao_anula_a_priori" time="0"/>
  <testcase classname="br.com.contmatic.empresa.FuncionarioTest" name="deve_respeitar_o_get_set_endereco" time="0"/>
  <testcase classname="br.com.contmatic.empresa.FuncionarioTest" name="digito_oito_diferente_nao_anula_a_priori" time="0"/>
  <testcase classname="br.com.contmatic.empresa.FuncionarioTest" name="nao_deve_aceitar_cpf_com_todos_digitos_iguais" time="0"/>
  <testcase classname="br.com.contmatic.empresa.FuncionarioTest" name="nao_deve_aceitar_cpf_caracter_especial" time="0"/>
  <testcase classname="br.com.contmatic.empresa.FuncionarioTest" name="deve_aceitar_cpf_valido_digito_zero_b" time="0"/>
  <testcase classname="br.com.contmatic.empresa.FuncionarioTest" name="digito_tres_diferente_nao_anula_a_priori" time="0"/>
  <testcase classname="br.com.contmatic.empresa.FuncionarioTest" name="to_string_dando_erro_por_nao_conter_nome_cpf_setor_cargo" time="0"/>
  <testcase classname="br.com.contmatic.empresa.FuncionarioTest" name="equals_da_false_se_objetos_forem_de_classes_diferentes" time="0"/>
  <testcase classname="br.com.contmatic.empresa.FuncionarioTest" name="aceita_salario_positivo" time="0"/>
  <testcase classname="br.com.contmatic.empresa.FuncionarioTest" name="to_string_deve_conter_cargo" time="0"/>
  <testcase classname="br.com.contmatic.empresa.FuncionarioTest" name="to_string_deve_conter_setor" time="0"/>
  <testcase classname="br.com.contmatic.empresa.FuncionarioTest" name="nao_deve_aceitar_data_contratacao_posterior_data_atual" time="0"/>
  <testcase classname="br.com.contmatic.empresa.FuncionarioTest" name="digito_onze_diferente_nao_anula_a_priori" time="0"/>
  <testcase classname="br.com.contmatic.empresa.FuncionarioTest" name="deve_aceitar_cpf_valido_digito_zero" time="0"/>
  <testcase classname="br.com.contmatic.empresa.FuncionarioTest" name="nao_deve_aceitar_cpf_letra" time="0"/>
  <testcase classname="br.com.contmatic.empresa.FuncionarioTest" name="equals_deve_ser_true_cpf_igual" time="0"/>
  <testcase classname="br.com.contmatic.empresa.FuncionarioTest" name="n_nao_deve_aceitar_data_contratacao_nula" time="0"/>
  <testcase classname="br.com.contmatic.empresa.FuncionarioTest" name="to_string_deve_conter_cpf" time="0"/>
  <testcase classname="br.com.contmatic.empresa.EmpresaTest" name="a_deve_aceitar_empresa_valida" time="0"/>
  <testcase classname="br.com.contmatic.empresa.EmpresaTest" name="b_nao_deve_aceitar_cnpj_nulo" time="0"/>
  <testcase classname="br.com.contmatic.empresa.EmpresaTest" name="c_nao_deve_aceitar_cnpj_menor_14_caracteres" time="0"/>
  <testcase classname="br.com.contmatic.empresa.EmpresaTest" name="d_nao_deve_aceitar_cnpj_maior_14_caracteres" time="0"/>
  <testcase classname="br.com.contmatic.empresa.EmpresaTest" name="deve_respeitar_o_get_set_cnpj" time="0"/>
  <testcase classname="br.com.contmatic.empresa.EmpresaTest" name="deve_respeitar_o_get_set_razao_social" time="0"/>
  <testcase classname="br.com.contmatic.empresa.EmpresaTest" name="f_nao_deve_aceitar_cnpj_com_letras" time="0"/>
  <testcase classname="br.com.contmatic.empresa.EmpresaTest" name="g_nao_deve_aceitar_cnpj_com_caracter_especial" time="0"/>
  <testcase classname="br.com.contmatic.empresa.EmpresaTest" name="h_nao_deve_aceitar_caracter_com_espaco" time="0"/>
  <testcase classname="br.com.contmatic.empresa.EmpresaTest" name="j_deve_aceitar_razao_social_valida" time="0"/>
  <testcase classname="br.com.contmatic.empresa.EmpresaTest" name="k_nao_deve_aceitar_razao_social_nula" time="0"/>
  <testcase classname="br.com.contmatic.empresa.EmpresaTest" name="m_deve_aceitar_data_abertura_valida" time="0"/>
  <testcase classname="br.com.contmatic.empresa.EmpresaTest" name="n_nao_deve_aceitar_data_abertura_nula" time="0"/>
  <testcase classname="br.com.contmatic.empresa.EmpresaTest" name="nao_deve_aceitar_data_posterior_data_atual" time="0"/>
  <testcase classname="br.com.contmatic.empresa.EmpresaTest" name="u_deve_aceitar_capital_social_valido_" time="0"/>
  <testcase classname="br.com.contmatic.empresa.EmpresaTest" name="v_nao_deve_aceitar_capital_social_zero" time="0"/>
  <testcase classname="br.com.contmatic.empresa.EmpresaTest" name="w_nao_deve_aceitar_capital_social_negativo" time="0"/>
  <testcase classname="br.com.contmatic.empresa.EmpresaTest" name="x_deve_respeitar_o_get_set_capital_social" time="0"/>
  <testcase classname="br.com.contmatic.empresa.EmpresaTest" name="y_deve_aceitar_endereco_valido" time="0"/>
  <testcase classname="br.com.contmatic.empresa.EmpresaTest" name="z00_deve_respeitar_o_get_set_endereco" time="0"/>
  <testcase classname="br.com.contmatic.empresa.EmpresaTest" name="z01_deve_aceitar_funcionarios_valido" time="0"/>
  <testcase classname="br.com.contmatic.empresa.EmpresaTest" name="z02_nao_deve_aceitarfuncionarios_null" time="0"/>
  <testcase classname="br.com.contmatic.empresa.EmpresaTest" name="z03_deve_respeitar_o_get_set_funcionarios" time="0"/>
  <testcase classname="br.com.contmatic.empresa.EmpresaTest" name="z04_equals_deve_ser_true_cnpj_igual" time="0"/>
  <testcase classname="br.com.contmatic.empresa.EmpresaTest" name="z05_equals_da_false_se_objetos_forem_de_classes_diferentes" time="0"/>
  <testcase classname="br.com.contmatic.empresa.EmpresaTest" name="z06_equals_deve_ser_false_cnpj_diferente" time="0"/>
  <testcase classname="br.com.contmatic.empresa.EmpresaTest" name="z07_testar_hashcode_diferente" time="0"/>
  <testcase classname="br.com.contmatic.empresa.EmpresaTest" name="z07_testar_hashcode_igual" time="0"/>
  <testcase classname="br.com.contmatic.empresa.EmpresaTest" name="z08_to_string_deve_conter_razao_social" time="0"/>
  <testcase classname="br.com.contmatic.empresa.EmpresaTest" name="z09_to_string_deve_conter_cnpj" time="0"/>
  <testcase classname="br.com.contmatic.empresa.EmpresaTest" name="z10_atesta_que_cnpj_do_construtor_e_recebido" time="0"/>
  <testcase classname="br.com.contmatic.empresa.EmpresaTest" name="z11_mostra_que_tamanho_da_lista_funcionarios_esta_correto" time="0"/>
  <testcase classname="br.com.contmatic.empresa.EmpresaTest" name="z_nao_deve_aceitar_endereco_nulo" time="0"/>
  <testcase classname="br.com.contmatic.empresa.EnderecoTest" name="deve_aceitar_logradouro_valido" time="0"/>
  <testcase classname="br.com.contmatic.empresa.EnderecoTest" name="to_string_deve_conter_bairro" time="0"/>
  <testcase classname="br.com.contmatic.empresa.EnderecoTest" name="nao_deve_aceitar_cep_com_caracteres_especiais" time="0"/>
  <testcase classname="br.com.contmatic.empresa.EnderecoTest" name="deve_respeitar_o_get_set_numero" time="0"/>
  <testcase classname="br.com.contmatic.empresa.EnderecoTest" name="to_string_deve_conter_complemento" time="0"/>
  <testcase classname="br.com.contmatic.empresa.EnderecoTest" name="to_string_deve_conter_numero" time="0"/>
  <testcase classname="br.com.contmatic.empresa.EnderecoTest" name="nao_deve_aceitar_cep_nulo" time="0"/>
  <testcase classname="br.com.contmatic.empresa.EnderecoTest" name="deve_respeitar_o_get_set_cep" time="0"/>
  <testcase classname="br.com.contmatic.empresa.EnderecoTest" name="nao_deve_aceitar_complemento_nulo" time="0"/>
  <testcase classname="br.com.contmatic.empresa.EnderecoTest" name="testa_hashcode_igual" time="0"/>
  <testcase classname="br.com.contmatic.empresa.EnderecoTest" name="deve_aceitar_bairro_valido" time="0"/>
  <testcase classname="br.com.contmatic.empresa.EnderecoTest" name="not_equals_se_houver_cep_diferente" time="0"/>
  <testcase classname="br.com.contmatic.empresa.EnderecoTest" name="nao_deve_aceitar_numero_com_caracteres_especiais" time="0"/>
  <testcase classname="br.com.contmatic.empresa.EnderecoTest" name="not_equals_se_houver_complemento_diferente" time="0"/>
  <testcase classname="br.com.contmatic.empresa.EnderecoTest" name="nao_deve_aceitar_logradouro_nulo" time="0"/>
  <testcase classname="br.com.contmatic.empresa.EnderecoTest" name="nao_deve_aceitar_numero_com_espaco" time="0"/>
  <testcase classname="br.com.contmatic.empresa.EnderecoTest" name="not_equals_se_houver_numero_diferente" time="0"/>
  <testcase classname="br.com.contmatic.empresa.EnderecoTest" name="nao_deve_aceitar_numero_com_letras" time="0"/>
  <testcase classname="br.com.contmatic.empresa.EnderecoTest" name="nao_deve_aceitar_cep_com_espaco" time="0"/>
  <testcase classname="br.com.contmatic.empresa.EnderecoTest" name="nao_deve_aceitar_cep_com_letras" time="0"/>
  <testcase classname="br.com.contmatic.empresa.EnderecoTest" name="deve_aceitar_complemento_valido" time="0"/>
  <testcase classname="br.com.contmatic.empresa.EnderecoTest" name="deve_respeitar_o_get_set_complemento" time="0"/>
  <testcase classname="br.com.contmatic.empresa.EnderecoTest" name="nao_deve_aceitar_cep_maior_8_digitos" time="0"/>
  <testcase classname="br.com.contmatic.empresa.EnderecoTest" name="atesta_que_logradouro_contem_ce_cedilha" time="0"/>
  <testcase classname="br.com.contmatic.empresa.EnderecoTest" name="atesta_que_logradouro_nao_contem_ce_cedilha" time="0">
    <skipped/>
  </testcase>
  <testcase classname="br.com.contmatic.empresa.EnderecoTest" name="construtor_funciona_com_valores_validos" time="0"/>
  <testcase classname="br.com.contmatic.empresa.EnderecoTest" name="to_string_deve_conter_logradouro" time="0"/>
  <testcase classname="br.com.contmatic.empresa.EnderecoTest" name="nao_deve_aceitar_cep_menor_8_digitos" time="0"/>
  <testcase classname="br.com.contmatic.empresa.EnderecoTest" name="equals_deve_ser_true_logradouro_numero_complemento_cep_iguais" time="0"/>
  <testcase classname="br.com.contmatic.empresa.EnderecoTest" name="nao_deve_aceitar_bairro_nulo" time="0"/>
  <testcase classname="br.com.contmatic.empresa.EnderecoTest" name="equals_da_false_se_objetos_forem_de_classes_diferentes" time="0"/>
  <testcase classname="br.com.contmatic.empresa.EnderecoTest" name="deve_aceitar_cep_valido" time="0"/>
  <testcase classname="br.com.contmatic.empresa.EnderecoTest" name="deve_respeitar_o_get_set_logradouro" time="0"/>
  <testcase classname="br.com.contmatic.empresa.EnderecoTest" name="nao_deve_aceitar_numero_nulo" time="0"/>
  <testcase classname="br.com.contmatic.empresa.EnderecoTest" name="testa_hashcode_diferente" time="0"/>
  <testcase classname="br.com.contmatic.empresa.EnderecoTest" name="to_string_deve_conter_cep" time="0"/>
  <testcase classname="br.com.contmatic.empresa.EnderecoTest" name="deve_respeitar_o_get_set_bairro" time="0"/>
  <testcase classname="br.com.contmatic.empresa.EnderecoTest" name="deve_aceitar_numero_valido" time="0"/>
  <testcase classname="br.com.contmatic.empresa.EnderecoTest" name="not_equals_se_houver_logradouro_diferente" time="0"/>
  <testcase classname="br.com.contmatic.empresa.SetorTest" name="nao_deve_aceitar_responsavel_nulo" time="0"/>
  <testcase classname="br.com.contmatic.empresa.SetorTest" name="testar_hashcode_diferente" time="0"/>
  <testcase classname="br.com.contmatic.empresa.SetorTest" name="deve_aceitar_ramal_valido" time="0"/>
  <testcase classname="br.com.contmatic.empresa.SetorTest" name="nao_deve_aceitar_ramal_nulo" time="0"/>
  <testcase classname="br.com.contmatic.empresa.SetorTest" name="nao_deve_aceitar_setor_nulo" time="0"/>
  <testcase classname="br.com.contmatic.empresa.SetorTest" name="deve_respeitar_o_get_set_ramal" time="0"/>
  <testcase classname="br.com.contmatic.empresa.SetorTest" name="nao_deve_aceitar_ramal_com_caracter_especial" time="0"/>
  <testcase classname="br.com.contmatic.empresa.SetorTest" name="to_string_deve_conter_ramal_setor" time="0"/>
  <testcase classname="br.com.contmatic.empresa.SetorTest" name="to_string_deve_conter_nome_setor" time="0"/>
  <testcase classname="br.com.contmatic.empresa.SetorTest" name="testar_hashcode_igual" time="0"/>
  <testcase classname="br.com.contmatic.empresa.SetorTest" name="nao_deve_aceitar_responsavel_com_numeros" time="0"/>
  <testcase classname="br.com.contmatic.empresa.SetorTest" name="equals_deve_ser_true_nome_setor_igual" time="0"/>
  <testcase classname="br.com.contmatic.empresa.SetorTest" name="nao_deve_aceitar_ramal_com_espaco" time="0"/>
  <testcase classname="br.com.contmatic.empresa.SetorTest" name="deve_respeitar_o_get_set_nome_setor" time="0"/>
  <testcase classname="br.com.contmatic.empresa.SetorTest" name="nao_deve_aceitar_ramal_com_letras" time="0"/>
  <testcase classname="br.com.contmatic.empresa.SetorTest" name="deve_aceitar_nome_setor_valido" time="0"/>
  <testcase classname="br.com.contmatic.empresa.SetorTest" name="equals_deve_ser_false_nome_setor_diferente" time="0"/>
  <testcase classname="br.com.contmatic.empresa.SetorTest" name="deve_respeitar_o_get_set_quantidade_funcionarios" time="0"/>
  <testcase classname="br.com.contmatic.empresa.SetorTest" name="deve_aceitar_responsavel_valido" time="0"/>
  <testcase classname="br.com.contmatic.empresa.SetorTest" name="nao_deve_aceitar_quantidade_funcionarios_negativa" time="0"/>
  <testcase classname="br.com.contmatic.empresa.SetorTest" name="equals_da_false_se_objetos_forem_de_classes_diferentes" time="0"/>
  <testcase classname="br.com.contmatic.empresa.SetorTest" name="deve_respeitar_o_get_set_responsavel" time="0"/>
  <testcase classname="br.com.contmatic.empresa.SetorTest" name="to_string_deve_conter_responsavel_setor" time="0"/>
  <testcase classname="br.com.contmatic.empresa.SetorTest" name="deve_aceitar_quantidade_funcionarios_valido" time="0"/>
  <testcase classname="br.com.contmatic.empresa.ClienteTest" name="digito_cinco_diferente_nao_anula_a_priori" time="0"/>
  <testcase classname="br.com.contmatic.empresa.ClienteTest" name="z06_equals_deve_ser_false_cpf_diferente" time="0"/>
  <testcase classname="br.com.contmatic.empresa.ClienteTest" name="digito_quatro_diferente_nao_anula_a_priori" time="0"/>
  <testcase classname="br.com.contmatic.empresa.ClienteTest" name="z04_equals_deve_ser_true_cpf_igual" time="0"/>
  <testcase classname="br.com.contmatic.empresa.ClienteTest" name="nao_deve_aceitar_cpf_menor_11_digitos" time="0"/>
  <testcase classname="br.com.contmatic.empresa.ClienteTest" name="testa_hashcode_igual" time="0"/>
  <testcase classname="br.com.contmatic.empresa.ClienteTest" name="nao_deve_aceitar_cpf_espaco" time="0"/>
  <testcase classname="br.com.contmatic.empresa.ClienteTest" name="nao_deve_aceitar_nome_cliente_nulo" time="0"/>
  <testcase classname="br.com.contmatic.empresa.ClienteTest" name="deve_aceitar_nome_valido" time="0"/>
  <testcase classname="br.com.contmatic.empresa.ClienteTest" name="nao_deve_aceitar_cpf_maior_11_digitos" time="0"/>
  <testcase classname="br.com.contmatic.empresa.ClienteTest" name="nao_deve_aceitar_cpf_nulo" time="0"/>
  <testcase classname="br.com.contmatic.empresa.ClienteTest" name="nao_deve_aceitar_email_cliente_nulo" time="0"/>
  <testcase classname="br.com.contmatic.empresa.ClienteTest" name="nao_deve_aceitar_email_terminando_ponto" time="0"/>
  <testcase classname="br.com.contmatic.empresa.ClienteTest" name="deve_respeitar_o_get_set_email_cliente" time="0"/>
  <testcase classname="br.com.contmatic.empresa.ClienteTest" name="deve_aceitar_endereco_cliente_valido" time="0"/>
  <testcase classname="br.com.contmatic.empresa.ClienteTest" name="digito_dez_diferente_nao_anula_a_priori" time="0"/>
  <testcase classname="br.com.contmatic.empresa.ClienteTest" name="to_string_deve_conter_nome_cliente" time="0"/>
  <testcase classname="br.com.contmatic.empresa.ClienteTest" name="digito_sete_diferente_nao_anula_a_priori" time="0"/>
  <testcase classname="br.com.contmatic.empresa.ClienteTest" name="digito_nove_diferente_nao_anula_a_priori" time="0"/>
  <testcase classname="br.com.contmatic.empresa.ClienteTest" name="nao_deve_aceitar_cpf_invalido_digito_j" time="0"/>
  <testcase classname="br.com.contmatic.empresa.ClienteTest" name="nao_deve_aceitar_cpf_invalido_digito_k" time="0"/>
  <testcase classname="br.com.contmatic.empresa.ClienteTest" name="nao_deve_aceitar_email_mais_de_uma_arroba" time="0"/>
  <testcase classname="br.com.contmatic.empresa.ClienteTest" name="z05_equals_da_false_se_objetos_forem_de_classes_diferentes" time="0"/>
  <testcase classname="br.com.contmatic.empresa.ClienteTest" name="digito_dois_diferente_nao_anula_a_priori" time="0"/>
  <testcase classname="br.com.contmatic.empresa.ClienteTest" name="deve_aceitar_nome_cpf_valido" time="0"/>
  <testcase classname="br.com.contmatic.empresa.ClienteTest" name="digito_seis_diferente_nao_anula_a_priori" time="0"/>
  <testcase classname="br.com.contmatic.empresa.ClienteTest" name="deve_respeitar_o_get_set_endereco_cliente" time="0"/>
  <testcase classname="br.com.contmatic.empresa.ClienteTest" name="nao_deve_aceitar_email_iniciando_ponto" time="0"/>
  <testcase classname="br.com.contmatic.empresa.ClienteTest" name="digito_oito_diferente_nao_anula_a_priori" time="0"/>
  <testcase classname="br.com.contmatic.empresa.ClienteTest" name="nao_deve_aceitar_cpf_com_todos_digitos_iguais" time="0"/>
  <testcase classname="br.com.contmatic.empresa.ClienteTest" name="nao_deve_aceitar_cpf_caracter_especial" time="0"/>
  <testcase classname="br.com.contmatic.empresa.ClienteTest" name="deve_aceitar_cpf_valido_digito_zero_b" time="0"/>
  <testcase classname="br.com.contmatic.empresa.ClienteTest" name="nao_deve_aceitar_email_terminando_arroba" time="0"/>
  <testcase classname="br.com.contmatic.empresa.ClienteTest" name="digito_tres_diferente_nao_anula_a_priori" time="0"/>
  <testcase classname="br.com.contmatic.empresa.ClienteTest" name="nao_deve_aceitar_email_iniciando_arroba" time="0"/>
  <testcase classname="br.com.contmatic.empresa.ClienteTest" name="deve_aceitar_email_valido" time="0"/>
  <testcase classname="br.com.contmatic.empresa.ClienteTest" name="to_string_deve_conter_email" time="0"/>
  <testcase classname="br.com.contmatic.empresa.ClienteTest" name="digito_onze_diferente_nao_anula_a_priori" time="0"/>
  <testcase classname="br.com.contmatic.empresa.ClienteTest" name="deve_aceitar_cpf_valido_digito_zero" time="0"/>
  <testcase classname="br.com.contmatic.empresa.ClienteTest" name="testa_hashcode_diferente" time="0"/>
  <testcase classname="br.com.contmatic.empresa.ClienteTest" name="nao_deve_aceitar_cpf_letra" time="0"/>
  <testcase classname="br.com.contmatic.empresa.ClienteTest" name="nao_deve_aceitar_endereco_cliente_nulo" time="0"/>
  <testcase classname="br.com.contmatic.empresa.ClienteTest" name="to_string_deve_conter_cpf" time="0"/>
  <testcase classname="br.com.contmatic.empresa.FornecedorTest" name="testar_hashcode_diferente" time="0"/>
  <testcase classname="br.com.contmatic.empresa.FornecedorTest" name="nao_deve_aceitar_email_fornecedor_terminando_ponto" time="0"/>
  <testcase classname="br.com.contmatic.empresa.FornecedorTest" name="nao_deve_aceitar_cnpj_com_letras" time="0"/>
  <testcase classname="br.com.contmatic.empresa.FornecedorTest" name="deve_aceitar_endereco_fornecedor_valido" time="0"/>
  <testcase classname="br.com.contmatic.empresa.FornecedorTest" name="equals_deve_ser_true_cnpj_igual" time="0"/>
  <testcase classname="br.com.contmatic.empresa.FornecedorTest" name="nao_deve_aceitar_cnpj_nulo" time="0"/>
  <testcase classname="br.com.contmatic.empresa.FornecedorTest" name="to_string_deve_conter_razao_social" time="0"/>
  <testcase classname="br.com.contmatic.empresa.FornecedorTest" name="equals_deve_ser_false_cnpj_diferente" time="0"/>
  <testcase classname="br.com.contmatic.empresa.FornecedorTest" name="nao_deve_aceitar_email_fornecedor_iniciando_ponto" time="0"/>
  <testcase classname="br.com.contmatic.empresa.FornecedorTest" name="deve_aceitar_email_fornecedor_valido" time="0"/>
  <testcase classname="br.com.contmatic.empresa.FornecedorTest" name="z07_testar_hashcode_igual" time="0"/>
  <testcase classname="br.com.contmatic.empresa.FornecedorTest" name="nao_deve_aceitar_cnpj_menor_14_caracteres" time="0"/>
  <testcase classname="br.com.contmatic.empresa.FornecedorTest" name="k_nao_deve_aceitar_razao_social_nula" time="0"/>
  <testcase classname="br.com.contmatic.empresa.FornecedorTest" name="nao_deve_aceitar_pedidos_fornecedor_nulo" time="0"/>
  <testcase classname="br.com.contmatic.empresa.FornecedorTest" name="deve_aceitar_razao_social_valida" time="0"/>
  <testcase classname="br.com.contmatic.empresa.FornecedorTest" name="deve_aceitar_pedidos_fornecedor_valido" time="0"/>
  <testcase classname="br.com.contmatic.empresa.FornecedorTest" name="nao_deve_aceitar_cnpj_caracter_com_espaco" time="0"/>
  <testcase classname="br.com.contmatic.empresa.FornecedorTest" name="nao_deve_aceitar_email_fornecedor_iniciando_arroba" time="0"/>
  <testcase classname="br.com.contmatic.empresa.FornecedorTest" name="deve_respeitar_o_get_set_email_fornecedor" time="0"/>
  <testcase classname="br.com.contmatic.empresa.FornecedorTest" name="deve_aceitar_fornecedor_valida" time="0"/>
  <testcase classname="br.com.contmatic.empresa.FornecedorTest" name="deve_respeitar_o_get_set_razao_social" time="0"/>
  <testcase classname="br.com.contmatic.empresa.FornecedorTest" name="nao_deve_aceitar_email_fornecedor_terminando_arroba" time="0"/>
  <testcase classname="br.com.contmatic.empresa.FornecedorTest" name="nao_deve_aceitar_endereco_fornecedor_nulo" time="0"/>
  <testcase classname="br.com.contmatic.empresa.FornecedorTest" name="deve_respeitar_o_get_set_endereco_fornecedor" time="0"/>
  <testcase classname="br.com.contmatic.empresa.FornecedorTest" name="nao_deve_aceitar_email_fornecedor_nulo" time="0"/>
  <testcase classname="br.com.contmatic.empresa.FornecedorTest" name="deve_respeitar_o_get_set_cnpj" time="0"/>
  <testcase classname="br.com.contmatic.empresa.FornecedorTest" name="nao_deve_aceitar_cnpj_maior_14_caracteres" time="0"/>
  <testcase classname="br.com.contmatic.empresa.FornecedorTest" name="equals_da_false_se_objetos_forem_de_classes_diferentes" time="0"/>
  <testcase classname="br.com.contmatic.empresa.FornecedorTest" name="to_string_deve_conter_email" time="0"/>
  <testcase classname="br.com.contmatic.empresa.FornecedorTest" name="to_string_deve_conter_cpf" time="0"/>
  <testcase classname="br.com.contmatic.empresa.FornecedorTest" name="nao_deve_aceitar_cnpj_com_caracter_especial" time="0"/>
  <testcase classname="br.com.contmatic.empresa.PedidoTest" name="nao_deve_aceitar_id_pedido_nulo" time="0"/>
  <testcase classname="br.com.contmatic.empresa.PedidoTest" name="deve_aceitar_pedido_valido" time="0"/>
</testsuite>